Flow report for example_dac_MAX542
Sun Sep 20 18:10:11 2020
Quartus II 64-Bit Version 13.0.1 Build 232 06/12/2013 Service Pack 1 SJ Web Edition


---------------------
; Table of Contents ;
---------------------
  1. Legal Notice
  2. Flow Summary
  3. Flow Settings
  4. Flow Non-Default Global Settings
  5. Flow Elapsed Time
  6. Flow OS Summary
  7. Flow Log
  8. Flow Messages
  9. Flow Suppressed Messages



----------------
; Legal Notice ;
----------------
Copyright (C) 1991-2013 Altera Corporation
Your use of Altera Corporation's design tools, logic functions 
and other software and tools, and its AMPP partner logic 
functions, and any output files from any of the foregoing 
(including device programming or simulation files), and any 
associated documentation or information are expressly subject 
to the terms and conditions of the Altera Program License 
Subscription Agreement, Altera MegaCore Function License 
Agreement, or other applicable license agreement, including, 
without limitation, that your use is for the sole purpose of 
programming logic devices manufactured by Altera and sold by 
Altera or its authorized distributors.  Please refer to the 
applicable agreement for further details.



+--------------------------------------------------------------------------------------+
; Flow Summary                                                                         ;
+------------------------------------+-------------------------------------------------+
; Flow Status                        ; Successful - Sun Sep 20 18:10:11 2020           ;
; Quartus II 64-Bit Version          ; 13.0.1 Build 232 06/12/2013 SP 1 SJ Web Edition ;
; Revision Name                      ; example_dac_MAX542                              ;
; Top-level Entity Name              ; example_dac_MAX542_top                          ;
; Family                             ; Cyclone II                                      ;
; Device                             ; EP2C5T144C8                                     ;
; Timing Models                      ; Final                                           ;
; Total logic elements               ; 63 / 4,608 ( 1 % )                              ;
;     Total combinational functions  ; 55 / 4,608 ( 1 % )                              ;
;     Dedicated logic registers      ; 51 / 4,608 ( 1 % )                              ;
; Total registers                    ; 51                                              ;
; Total pins                         ; 8 / 89 ( 9 % )                                  ;
; Total virtual pins                 ; 0                                               ;
; Total memory bits                  ; 0 / 119,808 ( 0 % )                             ;
; Embedded Multiplier 9-bit elements ; 0 / 26 ( 0 % )                                  ;
; Total PLLs                         ; 0 / 2 ( 0 % )                                   ;
+------------------------------------+-------------------------------------------------+


+-----------------------------------------+
; Flow Settings                           ;
+-------------------+---------------------+
; Option            ; Setting             ;
+-------------------+---------------------+
; Start date & time ; 09/20/2020 18:09:52 ;
; Main task         ; Compilation         ;
; Revision Name     ; example_dac_MAX542  ;
+-------------------+---------------------+


+--------------------------------------------------------------------------------------------------------------------------------------------+
; Flow Non-Default Global Settings                                                                                                           ;
+-------------------------------------+---------------------------------------+--------------------+------------------------+----------------+
; Assignment Name                     ; Value                                 ; Default Value      ; Entity Name            ; Section Id     ;
+-------------------------------------+---------------------------------------+--------------------+------------------------+----------------+
; COMPILER_SIGNATURE_ID               ; 202960193428551.160065059210152       ; --                 ; --                     ; --             ;
; EDA_OUTPUT_DATA_FORMAT              ; Vhdl                                  ; --                 ; --                     ; eda_simulation ;
; EDA_SIMULATION_TOOL                 ; ModelSim (VHDL)                       ; <None>             ; --                     ; --             ;
; EDA_TIME_SCALE                      ; 1 ps                                  ; --                 ; --                     ; eda_simulation ;
; MAX_CORE_JUNCTION_TEMP              ; 85                                    ; --                 ; --                     ; --             ;
; MIN_CORE_JUNCTION_TEMP              ; 0                                     ; --                 ; --                     ; --             ;
; PARTITION_COLOR                     ; 16764057                              ; --                 ; example_dac_MAX542_top ; Top            ;
; PARTITION_FITTER_PRESERVATION_LEVEL ; PLACEMENT_AND_ROUTING                 ; --                 ; example_dac_MAX542_top ; Top            ;
; PARTITION_NETLIST_TYPE              ; SOURCE                                ; --                 ; example_dac_MAX542_top ; Top            ;
; POWER_BOARD_THERMAL_MODEL           ; None (CONSERVATIVE)                   ; --                 ; --                     ; --             ;
; POWER_PRESET_COOLING_SOLUTION       ; 23 MM HEAT SINK WITH 200 LFPM AIRFLOW ; --                 ; --                     ; --             ;
; PROJECT_OUTPUT_DIRECTORY            ; output_files                          ; --                 ; --                     ; --             ;
; TOP_LEVEL_ENTITY                    ; example_dac_MAX542_top                ; example_dac_MAX542 ; --                     ; --             ;
+-------------------------------------+---------------------------------------+--------------------+------------------------+----------------+


+-------------------------------------------------------------------------------------------------------------------------------+
; Flow Elapsed Time                                                                                                             ;
+---------------------------+--------------+-------------------------+---------------------+------------------------------------+
; Module Name               ; Elapsed Time ; Average Processors Used ; Peak Virtual Memory ; Total CPU Time (on all processors) ;
+---------------------------+--------------+-------------------------+---------------------+------------------------------------+
; Analysis & Synthesis      ; 00:00:04     ; 1.0                     ; 4619 MB             ; 00:00:03                           ;
; Fitter                    ; 00:00:05     ; 1.0                     ; 4718 MB             ; 00:00:04                           ;
; Assembler                 ; 00:00:01     ; 1.0                     ; 4533 MB             ; 00:00:02                           ;
; TimeQuest Timing Analyzer ; 00:00:02     ; 1.0                     ; 4515 MB             ; 00:00:02                           ;
; EDA Netlist Writer        ; 00:00:01     ; 1.0                     ; 4504 MB             ; 00:00:01                           ;
; Total                     ; 00:00:13     ; --                      ; --                  ; 00:00:12                           ;
+---------------------------+--------------+-------------------------+---------------------+------------------------------------+


+----------------------------------------------------------------------------------------+
; Flow OS Summary                                                                        ;
+---------------------------+------------------+-----------+------------+----------------+
; Module Name               ; Machine Hostname ; OS Name   ; OS Version ; Processor type ;
+---------------------------+------------------+-----------+------------+----------------+
; Analysis & Synthesis      ; DESKTOP-H2VKUNP  ; Windows 7 ; 6.2        ; x86_64         ;
; Fitter                    ; DESKTOP-H2VKUNP  ; Windows 7 ; 6.2        ; x86_64         ;
; Assembler                 ; DESKTOP-H2VKUNP  ; Windows 7 ; 6.2        ; x86_64         ;
; TimeQuest Timing Analyzer ; DESKTOP-H2VKUNP  ; Windows 7 ; 6.2        ; x86_64         ;
; EDA Netlist Writer        ; DESKTOP-H2VKUNP  ; Windows 7 ; 6.2        ; x86_64         ;
+---------------------------+------------------+-----------+------------+----------------+


------------
; Flow Log ;
------------
quartus_map --read_settings_files=on --write_settings_files=off example_dac_MAX542 -c example_dac_MAX542
quartus_fit --read_settings_files=off --write_settings_files=off example_dac_MAX542 -c example_dac_MAX542
quartus_asm --read_settings_files=off --write_settings_files=off example_dac_MAX542 -c example_dac_MAX542
quartus_sta example_dac_MAX542 -c example_dac_MAX542
quartus_eda --read_settings_files=off --write_settings_files=off example_dac_MAX542 -c example_dac_MAX542



